{"/Users/mostafaayad/masterMicroInternTask/topology API/api.js": {"path":"/Users/mostafaayad/masterMicroInternTask/topology API/api.js","statementMap":{"0":{"start":{"line":2,"column":0},"end":{"line":2,"column":26}},"1":{"start":{"line":3,"column":0},"end":{"line":3,"column":201}},"2":{"start":{"line":4,"column":9},"end":{"line":4,"column":22}},"3":{"start":{"line":5,"column":17},"end":{"line":5,"column":38}},"4":{"start":{"line":6,"column":15},"end":{"line":6,"column":34}},"5":{"start":{"line":7,"column":0},"end":{"line":7,"column":24}},"6":{"start":{"line":15,"column":22},"end":{"line":15,"column":57}},"7":{"start":{"line":16,"column":4},"end":{"line":19,"column":7}},"8":{"start":{"line":17,"column":8},"end":{"line":18,"column":35}},"9":{"start":{"line":18,"column":12},"end":{"line":18,"column":35}},"10":{"start":{"line":20,"column":4},"end":{"line":20,"column":23}},"11":{"start":{"line":22,"column":0},"end":{"line":22,"column":34}},"12":{"start":{"line":30,"column":22},"end":{"line":30,"column":47}},"13":{"start":{"line":31,"column":25},"end":{"line":31,"column":48}},"14":{"start":{"line":32,"column":4},"end":{"line":32,"column":66}},"15":{"start":{"line":33,"column":4},"end":{"line":33,"column":58}},"16":{"start":{"line":34,"column":19},"end":{"line":34,"column":61}},"17":{"start":{"line":35,"column":4},"end":{"line":56,"column":7}},"18":{"start":{"line":36,"column":21},"end":{"line":40,"column":9}},"19":{"start":{"line":41,"column":8},"end":{"line":54,"column":11}},"20":{"start":{"line":42,"column":12},"end":{"line":53,"column":13}},"21":{"start":{"line":43,"column":16},"end":{"line":43,"column":48}},"22":{"start":{"line":45,"column":17},"end":{"line":53,"column":13}},"23":{"start":{"line":46,"column":16},"end":{"line":46,"column":46}},"24":{"start":{"line":48,"column":17},"end":{"line":53,"column":13}},"25":{"start":{"line":49,"column":16},"end":{"line":49,"column":51}},"26":{"start":{"line":52,"column":16},"end":{"line":52,"column":48}},"27":{"start":{"line":55,"column":8},"end":{"line":55,"column":41}},"28":{"start":{"line":57,"column":4},"end":{"line":57,"column":38}},"29":{"start":{"line":58,"column":4},"end":{"line":58,"column":20}},"30":{"start":{"line":60,"column":0},"end":{"line":60,"column":28}},"31":{"start":{"line":67,"column":19},"end":{"line":67,"column":42}},"32":{"start":{"line":68,"column":4},"end":{"line":72,"column":5}},"33":{"start":{"line":69,"column":8},"end":{"line":69,"column":81}},"34":{"start":{"line":70,"column":8},"end":{"line":70,"column":73}},"35":{"start":{"line":71,"column":8},"end":{"line":71,"column":15}},"36":{"start":{"line":73,"column":15},"end":{"line":73,"column":48}},"37":{"start":{"line":74,"column":4},"end":{"line":81,"column":7}},"38":{"start":{"line":75,"column":8},"end":{"line":80,"column":9}},"39":{"start":{"line":76,"column":12},"end":{"line":76,"column":22}},"40":{"start":{"line":78,"column":12},"end":{"line":78,"column":70}},"41":{"start":{"line":79,"column":12},"end":{"line":79,"column":62}},"42":{"start":{"line":83,"column":0},"end":{"line":83,"column":30}},"43":{"start":{"line":90,"column":4},"end":{"line":105,"column":5}},"44":{"start":{"line":91,"column":8},"end":{"line":91,"column":53}},"45":{"start":{"line":92,"column":8},"end":{"line":92,"column":45}},"46":{"start":{"line":93,"column":8},"end":{"line":93,"column":67}},"47":{"start":{"line":94,"column":8},"end":{"line":94,"column":59}},"48":{"start":{"line":97,"column":18},"end":{"line":97,"column":19}},"49":{"start":{"line":98,"column":8},"end":{"line":98,"column":53}},"50":{"start":{"line":99,"column":8},"end":{"line":99,"column":45}},"51":{"start":{"line":100,"column":8},"end":{"line":104,"column":11}},"52":{"start":{"line":101,"column":12},"end":{"line":101,"column":18}},"53":{"start":{"line":102,"column":12},"end":{"line":102,"column":96}},"54":{"start":{"line":103,"column":12},"end":{"line":103,"column":88}},"55":{"start":{"line":106,"column":4},"end":{"line":106,"column":30}},"56":{"start":{"line":108,"column":0},"end":{"line":108,"column":42}},"57":{"start":{"line":115,"column":4},"end":{"line":121,"column":7}},"58":{"start":{"line":116,"column":8},"end":{"line":120,"column":9}},"59":{"start":{"line":117,"column":12},"end":{"line":117,"column":48}},"60":{"start":{"line":118,"column":12},"end":{"line":118,"column":70}},"61":{"start":{"line":119,"column":12},"end":{"line":119,"column":62}},"62":{"start":{"line":123,"column":0},"end":{"line":123,"column":40}},"63":{"start":{"line":131,"column":19},"end":{"line":131,"column":42}},"64":{"start":{"line":132,"column":4},"end":{"line":136,"column":5}},"65":{"start":{"line":133,"column":8},"end":{"line":133,"column":81}},"66":{"start":{"line":134,"column":8},"end":{"line":134,"column":73}},"67":{"start":{"line":135,"column":8},"end":{"line":135,"column":15}},"68":{"start":{"line":137,"column":18},"end":{"line":137,"column":41}},"69":{"start":{"line":138,"column":4},"end":{"line":138,"column":19}},"70":{"start":{"line":140,"column":0},"end":{"line":140,"column":36}},"71":{"start":{"line":149,"column":19},"end":{"line":149,"column":42}},"72":{"start":{"line":150,"column":4},"end":{"line":154,"column":5}},"73":{"start":{"line":151,"column":8},"end":{"line":151,"column":81}},"74":{"start":{"line":152,"column":8},"end":{"line":152,"column":73}},"75":{"start":{"line":153,"column":8},"end":{"line":153,"column":15}},"76":{"start":{"line":155,"column":18},"end":{"line":155,"column":69}},"77":{"start":{"line":156,"column":4},"end":{"line":156,"column":19}},"78":{"start":{"line":158,"column":0},"end":{"line":158,"column":66}}},"fnMap":{"0":{"name":"getTopology","decl":{"start":{"line":14,"column":9},"end":{"line":14,"column":20}},"loc":{"start":{"line":14,"column":33},"end":{"line":21,"column":1}},"line":14},"1":{"name":"(anonymous_1)","decl":{"start":{"line":16,"column":31},"end":{"line":16,"column":32}},"loc":{"start":{"line":16,"column":51},"end":{"line":19,"column":5}},"line":16},"2":{"name":"readJSON","decl":{"start":{"line":29,"column":9},"end":{"line":29,"column":17}},"loc":{"start":{"line":29,"column":28},"end":{"line":59,"column":1}},"line":29},"3":{"name":"(anonymous_3)","decl":{"start":{"line":35,"column":38},"end":{"line":35,"column":39}},"loc":{"start":{"line":35,"column":62},"end":{"line":56,"column":5}},"line":35},"4":{"name":"(anonymous_4)","decl":{"start":{"line":41,"column":42},"end":{"line":41,"column":43}},"loc":{"start":{"line":41,"column":57},"end":{"line":54,"column":9}},"line":41},"5":{"name":"writeJSON","decl":{"start":{"line":66,"column":9},"end":{"line":66,"column":18}},"loc":{"start":{"line":66,"column":31},"end":{"line":82,"column":1}},"line":66},"6":{"name":"(anonymous_6)","decl":{"start":{"line":74,"column":57},"end":{"line":74,"column":58}},"loc":{"start":{"line":74,"column":72},"end":{"line":81,"column":5}},"line":74},"7":{"name":"queryTopologies","decl":{"start":{"line":89,"column":9},"end":{"line":89,"column":24}},"loc":{"start":{"line":89,"column":27},"end":{"line":107,"column":1}},"line":89},"8":{"name":"(anonymous_8)","decl":{"start":{"line":100,"column":35},"end":{"line":100,"column":36}},"loc":{"start":{"line":100,"column":55},"end":{"line":104,"column":9}},"line":100},"9":{"name":"deleteTopology","decl":{"start":{"line":114,"column":9},"end":{"line":114,"column":23}},"loc":{"start":{"line":114,"column":36},"end":{"line":122,"column":1}},"line":114},"10":{"name":"(anonymous_10)","decl":{"start":{"line":115,"column":31},"end":{"line":115,"column":32}},"loc":{"start":{"line":115,"column":58},"end":{"line":121,"column":5}},"line":115},"11":{"name":"queryDevices","decl":{"start":{"line":130,"column":9},"end":{"line":130,"column":21}},"loc":{"start":{"line":130,"column":34},"end":{"line":139,"column":1}},"line":130},"12":{"name":"queryDevicesWithNetlistNode","decl":{"start":{"line":148,"column":9},"end":{"line":148,"column":36}},"loc":{"start":{"line":148,"column":64},"end":{"line":157,"column":1}},"line":148}},"branchMap":{"0":{"loc":{"start":{"line":17,"column":8},"end":{"line":18,"column":35}},"type":"if","locations":[{"start":{"line":17,"column":8},"end":{"line":18,"column":35}},{"start":{"line":17,"column":8},"end":{"line":18,"column":35}}],"line":17},"1":{"loc":{"start":{"line":42,"column":12},"end":{"line":53,"column":13}},"type":"if","locations":[{"start":{"line":42,"column":12},"end":{"line":53,"column":13}},{"start":{"line":42,"column":12},"end":{"line":53,"column":13}}],"line":42},"2":{"loc":{"start":{"line":45,"column":17},"end":{"line":53,"column":13}},"type":"if","locations":[{"start":{"line":45,"column":17},"end":{"line":53,"column":13}},{"start":{"line":45,"column":17},"end":{"line":53,"column":13}}],"line":45},"3":{"loc":{"start":{"line":48,"column":17},"end":{"line":53,"column":13}},"type":"if","locations":[{"start":{"line":48,"column":17},"end":{"line":53,"column":13}},{"start":{"line":48,"column":17},"end":{"line":53,"column":13}}],"line":48},"4":{"loc":{"start":{"line":68,"column":4},"end":{"line":72,"column":5}},"type":"if","locations":[{"start":{"line":68,"column":4},"end":{"line":72,"column":5}},{"start":{"line":68,"column":4},"end":{"line":72,"column":5}}],"line":68},"5":{"loc":{"start":{"line":75,"column":8},"end":{"line":80,"column":9}},"type":"if","locations":[{"start":{"line":75,"column":8},"end":{"line":80,"column":9}},{"start":{"line":75,"column":8},"end":{"line":80,"column":9}}],"line":75},"6":{"loc":{"start":{"line":90,"column":4},"end":{"line":105,"column":5}},"type":"if","locations":[{"start":{"line":90,"column":4},"end":{"line":105,"column":5}},{"start":{"line":90,"column":4},"end":{"line":105,"column":5}}],"line":90},"7":{"loc":{"start":{"line":116,"column":8},"end":{"line":120,"column":9}},"type":"if","locations":[{"start":{"line":116,"column":8},"end":{"line":120,"column":9}},{"start":{"line":116,"column":8},"end":{"line":120,"column":9}}],"line":116},"8":{"loc":{"start":{"line":132,"column":4},"end":{"line":136,"column":5}},"type":"if","locations":[{"start":{"line":132,"column":4},"end":{"line":136,"column":5}},{"start":{"line":132,"column":4},"end":{"line":136,"column":5}}],"line":132},"9":{"loc":{"start":{"line":150,"column":4},"end":{"line":154,"column":5}},"type":"if","locations":[{"start":{"line":150,"column":4},"end":{"line":154,"column":5}},{"start":{"line":150,"column":4},"end":{"line":154,"column":5}}],"line":150}},"s":{"0":1,"1":1,"2":1,"3":1,"4":1,"5":1,"6":2,"7":2,"8":4,"9":2,"10":2,"11":1,"12":4,"13":4,"14":4,"15":4,"16":4,"17":4,"18":8,"19":8,"20":32,"21":8,"22":24,"23":8,"24":16,"25":8,"26":8,"27":8,"28":4,"29":4,"30":1,"31":0,"32":0,"33":0,"34":0,"35":0,"36":0,"37":0,"38":0,"39":0,"40":0,"41":0,"42":1,"43":4,"44":0,"45":0,"46":0,"47":0,"48":4,"49":4,"50":4,"51":4,"52":11,"53":11,"54":11,"55":4,"56":1,"57":1,"58":3,"59":1,"60":1,"61":1,"62":1,"63":1,"64":1,"65":0,"66":0,"67":0,"68":1,"69":1,"70":1,"71":1,"72":1,"73":0,"74":0,"75":0,"76":1,"77":1,"78":1},"f":{"0":2,"1":4,"2":4,"3":8,"4":32,"5":0,"6":0,"7":4,"8":11,"9":1,"10":3,"11":1,"12":1},"b":{"0":[2,2],"1":[8,24],"2":[8,16],"3":[8,8],"4":[0,0],"5":[0,0],"6":[0,4],"7":[1,2],"8":[0,1],"9":[0,1]},"_coverageSchema":"1a1c01bbd47fc00a2c39e90264f33305004495a9","hash":"91de214abe101e616ad29d0fa9a7dba37a2a75a8"}
,"/Users/mostafaayad/masterMicroInternTask/topology API/logger.js": {"path":"/Users/mostafaayad/masterMicroInternTask/topology API/logger.js","statementMap":{"0":{"start":{"line":2,"column":0},"end":{"line":2,"column":26}},"1":{"start":{"line":3,"column":9},"end":{"line":3,"column":22}},"2":{"start":{"line":5,"column":4},"end":{"line":8,"column":7}},"3":{"start":{"line":6,"column":8},"end":{"line":7,"column":22}},"4":{"start":{"line":7,"column":12},"end":{"line":7,"column":22}},"5":{"start":{"line":10,"column":0},"end":{"line":10,"column":31}}},"fnMap":{"0":{"name":"default_1","decl":{"start":{"line":4,"column":9},"end":{"line":4,"column":18}},"loc":{"start":{"line":4,"column":25},"end":{"line":9,"column":1}},"line":4},"1":{"name":"(anonymous_1)","decl":{"start":{"line":5,"column":42},"end":{"line":5,"column":43}},"loc":{"start":{"line":5,"column":57},"end":{"line":8,"column":5}},"line":5}},"branchMap":{"0":{"loc":{"start":{"line":6,"column":8},"end":{"line":7,"column":22}},"type":"if","locations":[{"start":{"line":6,"column":8},"end":{"line":7,"column":22}},{"start":{"line":6,"column":8},"end":{"line":7,"column":22}}],"line":6}},"s":{"0":1,"1":1,"2":26,"3":0,"4":0,"5":1},"f":{"0":26,"1":0},"b":{"0":[0,0]},"_coverageSchema":"1a1c01bbd47fc00a2c39e90264f33305004495a9","hash":"77ae7749d7a236689f08b27173069f49d61cd500"}
,"/Users/mostafaayad/masterMicroInternTask/topology API/topology.js": {"path":"/Users/mostafaayad/masterMicroInternTask/topology API/topology.js","statementMap":{"0":{"start":{"line":2,"column":0},"end":{"line":2,"column":26}},"1":{"start":{"line":3,"column":0},"end":{"line":3,"column":26}},"2":{"start":{"line":4,"column":15},"end":{"line":4,"column":34}},"3":{"start":{"line":6,"column":30},"end":{"line":52,"column":3}},"4":{"start":{"line":8,"column":8},"end":{"line":8,"column":29}},"5":{"start":{"line":9,"column":8},"end":{"line":9,"column":29}},"6":{"start":{"line":15,"column":4},"end":{"line":27,"column":6}},"7":{"start":{"line":16,"column":22},"end":{"line":16,"column":24}},"8":{"start":{"line":17,"column":16},"end":{"line":17,"column":17}},"9":{"start":{"line":18,"column":8},"end":{"line":18,"column":68}},"10":{"start":{"line":19,"column":8},"end":{"line":19,"column":60}},"11":{"start":{"line":20,"column":8},"end":{"line":25,"column":11}},"12":{"start":{"line":21,"column":12},"end":{"line":21,"column":33}},"13":{"start":{"line":22,"column":12},"end":{"line":22,"column":16}},"14":{"start":{"line":23,"column":12},"end":{"line":23,"column":93}},"15":{"start":{"line":24,"column":12},"end":{"line":24,"column":85}},"16":{"start":{"line":26,"column":8},"end":{"line":26,"column":23}},"17":{"start":{"line":33,"column":4},"end":{"line":50,"column":6}},"18":{"start":{"line":34,"column":22},"end":{"line":34,"column":24}},"19":{"start":{"line":35,"column":8},"end":{"line":40,"column":11}},"20":{"start":{"line":36,"column":12},"end":{"line":39,"column":15}},"21":{"start":{"line":37,"column":16},"end":{"line":38,"column":41}},"22":{"start":{"line":38,"column":20},"end":{"line":38,"column":41}},"23":{"start":{"line":41,"column":16},"end":{"line":41,"column":17}},"24":{"start":{"line":42,"column":8},"end":{"line":42,"column":80}},"25":{"start":{"line":43,"column":8},"end":{"line":43,"column":72}},"26":{"start":{"line":44,"column":8},"end":{"line":48,"column":11}},"27":{"start":{"line":45,"column":12},"end":{"line":45,"column":16}},"28":{"start":{"line":46,"column":12},"end":{"line":46,"column":93}},"29":{"start":{"line":47,"column":12},"end":{"line":47,"column":85}},"30":{"start":{"line":49,"column":8},"end":{"line":49,"column":23}},"31":{"start":{"line":51,"column":4},"end":{"line":51,"column":20}},"32":{"start":{"line":53,"column":0},"end":{"line":53,"column":28}}},"fnMap":{"0":{"name":"(anonymous_0)","decl":{"start":{"line":6,"column":30},"end":{"line":6,"column":31}},"loc":{"start":{"line":6,"column":42},"end":{"line":52,"column":1}},"line":6},"1":{"name":"Topology","decl":{"start":{"line":7,"column":13},"end":{"line":7,"column":21}},"loc":{"start":{"line":7,"column":34},"end":{"line":10,"column":5}},"line":7},"2":{"name":"(anonymous_2)","decl":{"start":{"line":15,"column":38},"end":{"line":15,"column":39}},"loc":{"start":{"line":15,"column":50},"end":{"line":27,"column":5}},"line":15},"3":{"name":"(anonymous_3)","decl":{"start":{"line":20,"column":32},"end":{"line":20,"column":33}},"loc":{"start":{"line":20,"column":50},"end":{"line":25,"column":9}},"line":20},"4":{"name":"(anonymous_4)","decl":{"start":{"line":33,"column":53},"end":{"line":33,"column":54}},"loc":{"start":{"line":33,"column":78},"end":{"line":50,"column":5}},"line":33},"5":{"name":"(anonymous_5)","decl":{"start":{"line":35,"column":32},"end":{"line":35,"column":33}},"loc":{"start":{"line":35,"column":50},"end":{"line":40,"column":9}},"line":35},"6":{"name":"(anonymous_6)","decl":{"start":{"line":36,"column":48},"end":{"line":36,"column":49}},"loc":{"start":{"line":36,"column":63},"end":{"line":39,"column":13}},"line":36},"7":{"name":"(anonymous_7)","decl":{"start":{"line":44,"column":24},"end":{"line":44,"column":25}},"loc":{"start":{"line":44,"column":42},"end":{"line":48,"column":9}},"line":44}},"branchMap":{"0":{"loc":{"start":{"line":37,"column":16},"end":{"line":38,"column":41}},"type":"if","locations":[{"start":{"line":37,"column":16},"end":{"line":38,"column":41}},{"start":{"line":37,"column":16},"end":{"line":38,"column":41}}],"line":37}},"s":{"0":1,"1":1,"2":1,"3":1,"4":6,"5":6,"6":1,"7":1,"8":1,"9":1,"10":1,"11":1,"12":2,"13":2,"14":2,"15":2,"16":1,"17":1,"18":1,"19":1,"20":2,"21":5,"22":2,"23":1,"24":1,"25":1,"26":1,"27":2,"28":2,"29":2,"30":1,"31":1,"32":1},"f":{"0":1,"1":6,"2":1,"3":2,"4":1,"5":2,"6":5,"7":2},"b":{"0":[2,3]},"_coverageSchema":"1a1c01bbd47fc00a2c39e90264f33305004495a9","hash":"0f77a96797790cd7f4a115a4b9952532c54b6eef"}
}
