TN:
SF:api.js
FN:9,getTopology
FN:11,(anonymous_1)
FN:18,readJSON
FN:23,(anonymous_3)
FN:29,(anonymous_4)
FN:50,writeJSON
FN:57,(anonymous_6)
FN:66,queryTopologies
FN:74,(anonymous_8)
FN:83,deleteTopology
FN:84,(anonymous_10)
FN:93,queryDevices
FN:104,queryDevicesWithNetlistNode
FNF:13
FNH:11
FNDA:2,getTopology
FNDA:4,(anonymous_1)
FNDA:4,readJSON
FNDA:8,(anonymous_3)
FNDA:32,(anonymous_4)
FNDA:0,writeJSON
FNDA:0,(anonymous_6)
FNDA:4,queryTopologies
FNDA:11,(anonymous_8)
FNDA:1,deleteTopology
FNDA:3,(anonymous_10)
FNDA:1,queryDevices
FNDA:1,queryDevicesWithNetlistNode
DA:2,1
DA:3,1
DA:4,1
DA:5,1
DA:6,1
DA:10,2
DA:11,2
DA:12,4
DA:13,2
DA:15,2
DA:19,4
DA:20,4
DA:21,4
DA:22,4
DA:23,4
DA:24,8
DA:29,8
DA:30,32
DA:31,8
DA:33,24
DA:34,8
DA:36,16
DA:37,8
DA:40,8
DA:43,8
DA:45,4
DA:46,4
DA:48,1
DA:51,0
DA:52,0
DA:53,0
DA:54,0
DA:56,0
DA:57,0
DA:58,0
DA:59,0
DA:61,0
DA:64,1
DA:67,4
DA:68,0
DA:69,0
DA:72,4
DA:73,4
DA:74,4
DA:75,11
DA:76,11
DA:79,4
DA:81,1
DA:84,1
DA:85,3
DA:86,1
DA:87,1
DA:91,1
DA:94,1
DA:95,1
DA:96,0
DA:97,0
DA:99,1
DA:100,1
DA:102,1
DA:105,1
DA:106,1
DA:107,0
DA:108,0
DA:110,1
DA:111,1
DA:113,1
LF:67
LH:52
BRDA:12,0,0,2
BRDA:12,0,1,2
BRDA:30,1,0,8
BRDA:30,1,1,24
BRDA:33,2,0,8
BRDA:33,2,1,16
BRDA:36,3,0,8
BRDA:36,3,1,8
BRDA:52,4,0,0
BRDA:52,4,1,0
BRDA:58,5,0,0
BRDA:58,5,1,0
BRDA:67,6,0,0
BRDA:67,6,1,4
BRDA:85,7,0,1
BRDA:85,7,1,2
BRDA:95,8,0,0
BRDA:95,8,1,1
BRDA:106,9,0,0
BRDA:106,9,1,1
BRF:20
BRH:13
end_of_record
TN:
SF:topology.js
FN:4,(anonymous_0)
FN:5,Topology
FN:9,(anonymous_2)
FN:13,(anonymous_3)
FN:20,(anonymous_4)
FN:22,(anonymous_5)
FN:23,(anonymous_6)
FN:30,(anonymous_7)
FNF:8
FNH:8
FNDA:1,(anonymous_0)
FNDA:6,Topology
FNDA:1,(anonymous_2)
FNDA:2,(anonymous_3)
FNDA:1,(anonymous_4)
FNDA:2,(anonymous_5)
FNDA:5,(anonymous_6)
FNDA:2,(anonymous_7)
DA:2,1
DA:3,1
DA:4,1
DA:6,6
DA:7,6
DA:9,1
DA:10,1
DA:11,1
DA:12,1
DA:13,1
DA:14,2
DA:15,2
DA:16,2
DA:18,1
DA:20,1
DA:21,1
DA:22,1
DA:23,2
DA:24,5
DA:25,2
DA:28,1
DA:29,1
DA:30,1
DA:31,2
DA:32,2
DA:34,1
DA:36,1
DA:38,1
LF:28
LH:28
BRDA:24,0,0,2
BRDA:24,0,1,3
BRF:2
BRH:2
end_of_record
